powersort trace
run: start=0 len=4 values=[(1,0) (2,1) (3,2) (9,3)]
run: start=4 len=2 power=2 values=[(7,5) (8,4)]
run: start=6 len=2 power=1 values=[(10,6) (11,7)]
merge runs: left(start=0, len=4, power=2147483647) right(start=4, len=2, power=2)
run: start=8 len=4 power=3 values=[(4,8) (5,9) (6,10) (12,11)]
run: start=12 len=2 power=2 values=[(3,12) (13,13)]
merge runs: left(start=6, len=2, power=1) right(start=8, len=4, power=3)
merge runs: left(start=6, len=6, power=1) right(start=12, len=2, power=2)
merge runs: left(start=0, len=6, power=2147483647) right(start=6, len=8, power=1)
powersort result
  key=1 originalIndex=0
  key=2 originalIndex=1
  key=3 originalIndex=2
  key=3 originalIndex=12
  key=4 originalIndex=8
  key=5 originalIndex=9
  key=6 originalIndex=10
  key=7 originalIndex=5
  key=8 originalIndex=4
  key=9 originalIndex=3
  key=10 originalIndex=6
  key=11 originalIndex=7
  key=12 originalIndex=11
  key=13 originalIndex=13
stable_sort baseline
  key=1 originalIndex=0
  key=2 originalIndex=1
  key=3 originalIndex=2
  key=3 originalIndex=12
  key=4 originalIndex=8
  key=5 originalIndex=9
  key=6 originalIndex=10
  key=7 originalIndex=5
  key=8 originalIndex=4
  key=9 originalIndex=3
  key=10 originalIndex=6
  key=11 originalIndex=7
  key=12 originalIndex=11
  key=13 originalIndex=13
validation ok
